Using pre-set license
Built from '2020.3/release' branch; Version is '2020.3.2f1 (8fd9074bf66c) revision 9427207'; Using compiler version '192528614'; Build Type 'Release'
OS: 'Windows 10 Pro; OS build 19041.264; Version 2004; 64bit' Language: 'ru' Physical Memory: 8109 MB
BatchMode: 1, IsHumanControllingUs: 0, StartBugReporterOnCrash: 0, Is64bit: 1, IsPro: 0

 COMMAND LINE ARGUMENTS:
D:\Projects Unity\2020.3.2f1\Editor\Unity.exe
-adb2
-batchMode
-noUpm
-name
AssetImportWorker0
-projectPath
D:/Projects Unity/Simple Shooter Test/Simple-Shooter-test
-logFile
Logs/AssetImportWorker0.log
-srvPort
54587
Successfully changed project path to: D:/Projects Unity/Simple Shooter Test/Simple-Shooter-test
D:/Projects Unity/Simple Shooter Test/Simple-Shooter-test
Using Asset Import Pipeline V2.
Refreshing native plugins compatible for Editor in 40.74 ms, found 0 plugins.
Preloading 0 native plugins for Editor in 0.00 ms.
Initialize engine version: 2020.3.2f1 (8fd9074bf66c)
[Subsystems] Discovering subsystems at path D:/Projects Unity/2020.3.2f1/Editor/Data/Resources/UnitySubsystems
[Subsystems] Discovering subsystems at path D:/Projects Unity/Simple Shooter Test/Simple-Shooter-test/Assets
GfxDevice: creating device client; threaded=0
Direct3D:
    Version:  Direct3D 11.0 [level 11.1]
    Renderer: NVIDIA GeForce GTX 1050 (ID=0x1c8d)
    Vendor:   
    VRAM:     1979 MB
    Driver:   26.21.14.4587
Initialize mono
Mono path[0] = 'D:/Projects Unity/2020.3.2f1/Editor/Data/Managed'
Mono path[1] = 'D:/Projects Unity/2020.3.2f1/Editor/Data/MonoBleedingEdge/lib/mono/unityjit'
Mono config path = 'D:/Projects Unity/2020.3.2f1/Editor/Data/MonoBleedingEdge/etc'
Using monoOptions --debugger-agent=transport=dt_socket,embedding=1,server=y,suspend=n,address=127.0.0.1:56460
Begin MonoManager ReloadAssembly
Registering precompiled unity dll's ...
Register platform support module: D:/Projects Unity/2020.3.2f1/Editor/Data/PlaybackEngines/WindowsStandaloneSupport/UnityEditor.WindowsStandalone.Extensions.dll
Registered in 0.000965 seconds.
Native extension for WindowsStandalone target not found
Refreshing native plugins compatible for Editor in 28.87 ms, found 0 plugins.
Preloading 0 native plugins for Editor in 0.00 ms.
Invoked RoslynAnalysisRunner static constructor.
RoslynAnalysisRunner will not be running.
RoslynAnalysisRunner has terminated.
Mono: successfully reloaded assembly
- Completed reload, in  1.840 seconds
Platform modules already initialized, skipping
Registering precompiled user dll's ...
Registered in 0.000589 seconds.
Begin MonoManager ReloadAssembly
Native extension for WindowsStandalone target not found
Refreshing native plugins compatible for Editor in 0.23 ms, found 0 plugins.
Preloading 0 native plugins for Editor in 0.00 ms.
Invoked RoslynAnalysisRunner static constructor.
RoslynAnalysisRunner will not be running.
RoslynAnalysisRunner has terminated.
Mono: successfully reloaded assembly
- Completed reload, in  0.918 seconds
Platform modules already initialized, skipping
========================================================================
Worker process is ready to serve import requests
Launched and connected shader compiler UnityShaderCompiler.exe after 0.04 seconds
Refreshing native plugins compatible for Editor in 0.26 ms, found 0 plugins.
Preloading 0 native plugins for Editor in 0.00 ms.
Unloading 1132 Unused Serialized files (Serialized files now loaded: 0)
System memory in use before: 57.6 MB.
System memory in use after: 57.6 MB.

Unloading 10 unused Assets to reduce memory usage. Loaded Objects now: 1574.
Total: 2.368800 ms (FindLiveObjects: 0.605600 ms CreateObjectMapping: 0.086500 ms MarkObjects: 1.586900 ms  DeleteObjects: 0.088300 ms)

========================================================================
Received Prepare
Registering precompiled user dll's ...
Registered in 0.000438 seconds.
Begin MonoManager ReloadAssembly
Native extension for WindowsStandalone target not found
Refreshing native plugins compatible for Editor in 0.20 ms, found 0 plugins.
Preloading 0 native plugins for Editor in 0.00 ms.
Invoked RoslynAnalysisRunner static constructor.
RoslynAnalysisRunner will not be running.
RoslynAnalysisRunner has terminated.
Mono: successfully reloaded assembly
- Completed reload, in  0.877 seconds
Platform modules already initialized, skipping
Refreshing native plugins compatible for Editor in 0.21 ms, found 0 plugins.
Preloading 0 native plugins for Editor in 0.00 ms.
Unloading 1127 Unused Serialized files (Serialized files now loaded: 0)
System memory in use before: 57.5 MB.
System memory in use after: 57.5 MB.

Unloading 5 unused Assets to reduce memory usage. Loaded Objects now: 1577.
Total: 2.043600 ms (FindLiveObjects: 0.138900 ms CreateObjectMapping: 0.036300 ms MarkObjects: 1.780700 ms  DeleteObjects: 0.086500 ms)

========================================================================
Received Import Request.
  path: Assets/Scripts/shotting/WeaponS/Pistol.cs
  artifactKey: Guid(fa611f1c950867d40878b726c8f4225b) Importer(815301076,1909f56bfc062723c751e8b465ee728b)
Start importing Assets/Scripts/shotting/WeaponS/Pistol.cs using Guid(fa611f1c950867d40878b726c8f4225b) Importer(815301076,1909f56bfc062723c751e8b465ee728b)  -> (artifact id: '50f9d0d1fcbfb407c90e09bbaa0f0373') in 0.119311 seconds
  Import took 0.122135 seconds .

========================================================================
Received Prepare
Registering precompiled user dll's ...
Registered in 0.000405 seconds.
Begin MonoManager ReloadAssembly
Native extension for WindowsStandalone target not found
Refreshing native plugins compatible for Editor in 0.22 ms, found 0 plugins.
Preloading 0 native plugins for Editor in 0.00 ms.
Invoked RoslynAnalysisRunner static constructor.
RoslynAnalysisRunner will not be running.
RoslynAnalysisRunner has terminated.
Mono: successfully reloaded assembly
- Completed reload, in  0.912 seconds
Platform modules already initialized, skipping
Refreshing native plugins compatible for Editor in 0.30 ms, found 0 plugins.
Preloading 0 native plugins for Editor in 0.00 ms.
Unloading 1127 Unused Serialized files (Serialized files now loaded: 0)
System memory in use before: 57.5 MB.
System memory in use after: 57.6 MB.

Unloading 5 unused Assets to reduce memory usage. Loaded Objects now: 1580.
Total: 1.652600 ms (FindLiveObjects: 0.163500 ms CreateObjectMapping: 0.039600 ms MarkObjects: 1.357800 ms  DeleteObjects: 0.090400 ms)

========================================================================
Received Prepare
Registering precompiled user dll's ...
Registered in 0.000428 seconds.
Begin MonoManager ReloadAssembly
Native extension for WindowsStandalone target not found
Refreshing native plugins compatible for Editor in 0.25 ms, found 0 plugins.
Preloading 0 native plugins for Editor in 0.00 ms.
Invoked RoslynAnalysisRunner static constructor.
RoslynAnalysisRunner will not be running.
RoslynAnalysisRunner has terminated.
Mono: successfully reloaded assembly
- Completed reload, in  0.887 seconds
Platform modules already initialized, skipping
Refreshing native plugins compatible for Editor in 0.27 ms, found 0 plugins.
Preloading 0 native plugins for Editor in 0.00 ms.
Unloading 1127 Unused Serialized files (Serialized files now loaded: 0)
System memory in use before: 57.5 MB.
System memory in use after: 57.6 MB.

Unloading 5 unused Assets to reduce memory usage. Loaded Objects now: 1583.
Total: 2.503800 ms (FindLiveObjects: 0.491100 ms CreateObjectMapping: 0.123900 ms MarkObjects: 1.819000 ms  DeleteObjects: 0.067900 ms)

========================================================================
Received Import Request.
  Time since last request: 59.312360 seconds.
  path: Assets/Scripts/shotting/WeaponS/Shotgun.cs
  artifactKey: Guid(9052d2f4b2e86a840b5bc5f1691199b5) Importer(815301076,1909f56bfc062723c751e8b465ee728b)
Start importing Assets/Scripts/shotting/WeaponS/Shotgun.cs using Guid(9052d2f4b2e86a840b5bc5f1691199b5) Importer(815301076,1909f56bfc062723c751e8b465ee728b)  -> (artifact id: '2be4a477e4b70b2be006d676014054dc') in 0.002857 seconds
  Import took 0.005100 seconds .

========================================================================
Received Prepare
Registering precompiled user dll's ...
Registered in 0.000452 seconds.
Begin MonoManager ReloadAssembly
Native extension for WindowsStandalone target not found
Refreshing native plugins compatible for Editor in 0.21 ms, found 0 plugins.
Preloading 0 native plugins for Editor in 0.00 ms.
Invoked RoslynAnalysisRunner static constructor.
RoslynAnalysisRunner will not be running.
RoslynAnalysisRunner has terminated.
Mono: successfully reloaded assembly
- Completed reload, in  0.928 seconds
Platform modules already initialized, skipping
Refreshing native plugins compatible for Editor in 0.21 ms, found 0 plugins.
Preloading 0 native plugins for Editor in 0.00 ms.
Unloading 1127 Unused Serialized files (Serialized files now loaded: 0)
System memory in use before: 57.5 MB.
System memory in use after: 57.6 MB.

Unloading 5 unused Assets to reduce memory usage. Loaded Objects now: 1586.
Total: 2.078900 ms (FindLiveObjects: 0.232500 ms CreateObjectMapping: 0.060700 ms MarkObjects: 1.678400 ms  DeleteObjects: 0.106300 ms)

========================================================================
Received Import Request.
  Time since last request: 43.884991 seconds.
  path: Assets/Scripts/shotting/WeaponS/StunGun.cs
  artifactKey: Guid(1b7a72be05e2b574986caa25d16a158a) Importer(815301076,1909f56bfc062723c751e8b465ee728b)
Start importing Assets/Scripts/shotting/WeaponS/StunGun.cs using Guid(1b7a72be05e2b574986caa25d16a158a) Importer(815301076,1909f56bfc062723c751e8b465ee728b)  -> (artifact id: '958ac8ef3c4ab4712685062ca4965eaf') in 0.003421 seconds
  Import took 0.013685 seconds .

========================================================================
Received Prepare
Registering precompiled user dll's ...
Registered in 0.000420 seconds.
Begin MonoManager ReloadAssembly
Native extension for WindowsStandalone target not found
Refreshing native plugins compatible for Editor in 0.21 ms, found 0 plugins.
Preloading 0 native plugins for Editor in 0.00 ms.
Invoked RoslynAnalysisRunner static constructor.
RoslynAnalysisRunner will not be running.
RoslynAnalysisRunner has terminated.
Mono: successfully reloaded assembly
- Completed reload, in  0.914 seconds
Platform modules already initialized, skipping
Refreshing native plugins compatible for Editor in 0.33 ms, found 0 plugins.
Preloading 0 native plugins for Editor in 0.00 ms.
Unloading 1127 Unused Serialized files (Serialized files now loaded: 0)
System memory in use before: 57.5 MB.
System memory in use after: 57.6 MB.

Unloading 5 unused Assets to reduce memory usage. Loaded Objects now: 1589.
Total: 3.740500 ms (FindLiveObjects: 0.161400 ms CreateObjectMapping: 0.045000 ms MarkObjects: 3.459100 ms  DeleteObjects: 0.072600 ms)

========================================================================
Received Import Request.
  Time since last request: 108.789399 seconds.
  path: Assets/Scripts/shotting/Bullet.cs
  artifactKey: Guid(9df1fc4620e669248aa21efc1debdb63) Importer(815301076,1909f56bfc062723c751e8b465ee728b)
Start importing Assets/Scripts/shotting/Bullet.cs using Guid(9df1fc4620e669248aa21efc1debdb63) Importer(815301076,1909f56bfc062723c751e8b465ee728b)  -> (artifact id: 'f73132c43e52db8edd47b35bed71884e') in 0.003655 seconds
  Import took 0.005947 seconds .

========================================================================
Received Prepare
Registering precompiled user dll's ...
Registered in 0.000427 seconds.
Begin MonoManager ReloadAssembly
Native extension for WindowsStandalone target not found
Refreshing native plugins compatible for Editor in 0.32 ms, found 0 plugins.
Preloading 0 native plugins for Editor in 0.00 ms.
Invoked RoslynAnalysisRunner static constructor.
RoslynAnalysisRunner will not be running.
RoslynAnalysisRunner has terminated.
Mono: successfully reloaded assembly
- Completed reload, in  0.917 seconds
Platform modules already initialized, skipping
Refreshing native plugins compatible for Editor in 0.41 ms, found 0 plugins.
Preloading 0 native plugins for Editor in 0.00 ms.
Unloading 1127 Unused Serialized files (Serialized files now loaded: 0)
System memory in use before: 57.6 MB.
System memory in use after: 57.6 MB.

Unloading 5 unused Assets to reduce memory usage. Loaded Objects now: 1592.
Total: 2.202300 ms (FindLiveObjects: 0.156900 ms CreateObjectMapping: 0.046900 ms MarkObjects: 1.876800 ms  DeleteObjects: 0.120300 ms)

========================================================================
Received Import Request.
  Time since last request: 40.049307 seconds.
  path: Assets/Scripts/shotting/EnemyShootingSystem.cs
  artifactKey: Guid(39ad8a8a49c3fa34681300ef77acc02f) Importer(815301076,1909f56bfc062723c751e8b465ee728b)
Start importing Assets/Scripts/shotting/EnemyShootingSystem.cs using Guid(39ad8a8a49c3fa34681300ef77acc02f) Importer(815301076,1909f56bfc062723c751e8b465ee728b)  -> (artifact id: 'ca4193188f628d6892d780982fa715c3') in 0.003363 seconds
  Import took 0.005423 seconds .

========================================================================
Received Prepare
Registering precompiled user dll's ...
Registered in 0.000463 seconds.
Begin MonoManager ReloadAssembly
Native extension for WindowsStandalone target not found
Refreshing native plugins compatible for Editor in 0.22 ms, found 0 plugins.
Preloading 0 native plugins for Editor in 0.00 ms.
Invoked RoslynAnalysisRunner static constructor.
RoslynAnalysisRunner will not be running.
RoslynAnalysisRunner has terminated.
Mono: successfully reloaded assembly
- Completed reload, in  0.940 seconds
Platform modules already initialized, skipping
Refreshing native plugins compatible for Editor in 0.24 ms, found 0 plugins.
Preloading 0 native plugins for Editor in 0.00 ms.
Unloading 1127 Unused Serialized files (Serialized files now loaded: 0)
System memory in use before: 57.6 MB.
System memory in use after: 57.6 MB.

Unloading 5 unused Assets to reduce memory usage. Loaded Objects now: 1595.
Total: 2.470600 ms (FindLiveObjects: 0.368600 ms CreateObjectMapping: 0.169800 ms MarkObjects: 1.863500 ms  DeleteObjects: 0.066900 ms)

========================================================================
Received Import Request.
  Time since last request: 68.752443 seconds.
  path: Assets/Scripts/shotting/PlayerShootingSystem.cs
  artifactKey: Guid(128cbef9f51c1514eb3548042f06f52b) Importer(815301076,1909f56bfc062723c751e8b465ee728b)
Start importing Assets/Scripts/shotting/PlayerShootingSystem.cs using Guid(128cbef9f51c1514eb3548042f06f52b) Importer(815301076,1909f56bfc062723c751e8b465ee728b)  -> (artifact id: 'd018ff749775d9bc12003bb6f9286128') in 0.003889 seconds
  Import took 0.013757 seconds .

========================================================================
Received Prepare
Registering precompiled user dll's ...
Registered in 0.000428 seconds.
Begin MonoManager ReloadAssembly
Native extension for WindowsStandalone target not found
Refreshing native plugins compatible for Editor in 0.21 ms, found 0 plugins.
Preloading 0 native plugins for Editor in 0.00 ms.
Invoked RoslynAnalysisRunner static constructor.
RoslynAnalysisRunner will not be running.
RoslynAnalysisRunner has terminated.
Mono: successfully reloaded assembly
- Completed reload, in  0.858 seconds
Platform modules already initialized, skipping
Refreshing native plugins compatible for Editor in 0.23 ms, found 0 plugins.
Preloading 0 native plugins for Editor in 0.00 ms.
Unloading 1127 Unused Serialized files (Serialized files now loaded: 0)
System memory in use before: 57.6 MB.
System memory in use after: 57.6 MB.

Unloading 5 unused Assets to reduce memory usage. Loaded Objects now: 1598.
Total: 1.785600 ms (FindLiveObjects: 0.187600 ms CreateObjectMapping: 0.056600 ms MarkObjects: 1.445000 ms  DeleteObjects: 0.095400 ms)

========================================================================
Received Import Request.
  Time since last request: 31.086057 seconds.
  path: Assets/Scripts/shotting/ShootingSystem.cs
  artifactKey: Guid(ce523effc761c704cb85aca1d2a3918b) Importer(815301076,1909f56bfc062723c751e8b465ee728b)
Start importing Assets/Scripts/shotting/ShootingSystem.cs using Guid(ce523effc761c704cb85aca1d2a3918b) Importer(815301076,1909f56bfc062723c751e8b465ee728b)  -> (artifact id: '0dfab5a7203d6a20f1566fa68d8997a5') in 0.003499 seconds
  Import took 0.012933 seconds .

========================================================================
Received Prepare
Registering precompiled user dll's ...
Registered in 0.000447 seconds.
Begin MonoManager ReloadAssembly
Native extension for WindowsStandalone target not found
Refreshing native plugins compatible for Editor in 0.21 ms, found 0 plugins.
Preloading 0 native plugins for Editor in 0.00 ms.
Invoked RoslynAnalysisRunner static constructor.
RoslynAnalysisRunner will not be running.
RoslynAnalysisRunner has terminated.
Mono: successfully reloaded assembly
- Completed reload, in  0.931 seconds
Platform modules already initialized, skipping
Refreshing native plugins compatible for Editor in 0.39 ms, found 0 plugins.
Preloading 0 native plugins for Editor in 0.00 ms.
Unloading 1127 Unused Serialized files (Serialized files now loaded: 0)
System memory in use before: 57.6 MB.
System memory in use after: 57.6 MB.

Unloading 5 unused Assets to reduce memory usage. Loaded Objects now: 1601.
Total: 1.878000 ms (FindLiveObjects: 0.218400 ms CreateObjectMapping: 0.048300 ms MarkObjects: 1.550200 ms  DeleteObjects: 0.059500 ms)

========================================================================
Received Import Request.
  Time since last request: 53.707431 seconds.
  path: Assets/Scripts/shotting/Weapon.cs
  artifactKey: Guid(c3eb0d12a175f5441807fdabdb0a9cb0) Importer(815301076,1909f56bfc062723c751e8b465ee728b)
Start importing Assets/Scripts/shotting/Weapon.cs using Guid(c3eb0d12a175f5441807fdabdb0a9cb0) Importer(815301076,1909f56bfc062723c751e8b465ee728b)  -> (artifact id: 'c64662bcaa3e7b124ebfd48725158d33') in 0.003211 seconds
  Import took 0.012645 seconds .

========================================================================
Received Prepare
Registering precompiled user dll's ...
Registered in 0.000541 seconds.
Begin MonoManager ReloadAssembly
Native extension for WindowsStandalone target not found
Refreshing native plugins compatible for Editor in 0.21 ms, found 0 plugins.
Preloading 0 native plugins for Editor in 0.00 ms.
Invoked RoslynAnalysisRunner static constructor.
RoslynAnalysisRunner will not be running.
RoslynAnalysisRunner has terminated.
Mono: successfully reloaded assembly
- Completed reload, in  0.853 seconds
Platform modules already initialized, skipping
Refreshing native plugins compatible for Editor in 0.28 ms, found 0 plugins.
Preloading 0 native plugins for Editor in 0.00 ms.
Unloading 1127 Unused Serialized files (Serialized files now loaded: 0)
System memory in use before: 57.6 MB.
System memory in use after: 57.6 MB.

Unloading 5 unused Assets to reduce memory usage. Loaded Objects now: 1604.
Total: 2.992300 ms (FindLiveObjects: 0.189500 ms CreateObjectMapping: 0.061900 ms MarkObjects: 2.600900 ms  DeleteObjects: 0.138300 ms)

========================================================================
Received Import Request.
  Time since last request: 73.661827 seconds.
  path: Assets/Scripts/HealthManager.cs
  artifactKey: Guid(347c8f96ea0321b478c9c3056f47f6f8) Importer(815301076,1909f56bfc062723c751e8b465ee728b)
Start importing Assets/Scripts/HealthManager.cs using Guid(347c8f96ea0321b478c9c3056f47f6f8) Importer(815301076,1909f56bfc062723c751e8b465ee728b)  -> (artifact id: '5469cdd0a8b1ebc0f2ca0ca78a8bddd8') in 0.004628 seconds
  Import took 0.014321 seconds .

========================================================================
Received Prepare
Registering precompiled user dll's ...
Registered in 0.000551 seconds.
Begin MonoManager ReloadAssembly
Native extension for WindowsStandalone target not found
Refreshing native plugins compatible for Editor in 0.31 ms, found 0 plugins.
Preloading 0 native plugins for Editor in 0.00 ms.
Invoked RoslynAnalysisRunner static constructor.
RoslynAnalysisRunner will not be running.
RoslynAnalysisRunner has terminated.
Mono: successfully reloaded assembly
- Completed reload, in  0.912 seconds
Platform modules already initialized, skipping
Refreshing native plugins compatible for Editor in 0.24 ms, found 0 plugins.
Preloading 0 native plugins for Editor in 0.00 ms.
Unloading 1127 Unused Serialized files (Serialized files now loaded: 0)
System memory in use before: 57.6 MB.
System memory in use after: 57.7 MB.

Unloading 5 unused Assets to reduce memory usage. Loaded Objects now: 1607.
Total: 1.870400 ms (FindLiveObjects: 0.186700 ms CreateObjectMapping: 0.084400 ms MarkObjects: 1.501800 ms  DeleteObjects: 0.095800 ms)

========================================================================
Received Import Request.
  Time since last request: 101.273955 seconds.
  path: Assets/Scripts/InputsManager.cs
  artifactKey: Guid(56b5f5f710e08c34b966577e80584596) Importer(815301076,1909f56bfc062723c751e8b465ee728b)
Start importing Assets/Scripts/InputsManager.cs using Guid(56b5f5f710e08c34b966577e80584596) Importer(815301076,1909f56bfc062723c751e8b465ee728b)  -> (artifact id: 'e8d7f85f5e885d5890ea7525e0c609f8') in 0.003319 seconds
  Import took 0.013740 seconds .

========================================================================
Received Prepare
Registering precompiled user dll's ...
Registered in 0.000604 seconds.
Begin MonoManager ReloadAssembly
Native extension for WindowsStandalone target not found
Refreshing native plugins compatible for Editor in 0.22 ms, found 0 plugins.
Preloading 0 native plugins for Editor in 0.00 ms.
Invoked RoslynAnalysisRunner static constructor.
RoslynAnalysisRunner will not be running.
RoslynAnalysisRunner has terminated.
Mono: successfully reloaded assembly
- Completed reload, in  0.896 seconds
Platform modules already initialized, skipping
Refreshing native plugins compatible for Editor in 0.24 ms, found 0 plugins.
Preloading 0 native plugins for Editor in 0.00 ms.
Unloading 1127 Unused Serialized files (Serialized files now loaded: 0)
System memory in use before: 57.6 MB.
System memory in use after: 57.7 MB.

Unloading 5 unused Assets to reduce memory usage. Loaded Objects now: 1610.
Total: 2.142000 ms (FindLiveObjects: 0.168800 ms CreateObjectMapping: 0.050600 ms MarkObjects: 1.859400 ms  DeleteObjects: 0.061600 ms)

========================================================================
Received Import Request.
  Time since last request: 23.313926 seconds.
  path: Assets/Scripts/InputsManager.cs
  artifactKey: Guid(56b5f5f710e08c34b966577e80584596) Importer(815301076,1909f56bfc062723c751e8b465ee728b)
Start importing Assets/Scripts/InputsManager.cs using Guid(56b5f5f710e08c34b966577e80584596) Importer(815301076,1909f56bfc062723c751e8b465ee728b)  -> (artifact id: '5f5d532389f860976d7987be67432c57') in 0.003339 seconds
  Import took 0.007198 seconds .

========================================================================
Received Prepare
Registering precompiled user dll's ...
Registered in 0.000415 seconds.
Begin MonoManager ReloadAssembly
Native extension for WindowsStandalone target not found
Refreshing native plugins compatible for Editor in 0.35 ms, found 0 plugins.
Preloading 0 native plugins for Editor in 0.00 ms.
Invoked RoslynAnalysisRunner static constructor.
RoslynAnalysisRunner will not be running.
RoslynAnalysisRunner has terminated.
Mono: successfully reloaded assembly
- Completed reload, in  0.945 seconds
Platform modules already initialized, skipping
Refreshing native plugins compatible for Editor in 0.25 ms, found 0 plugins.
Preloading 0 native plugins for Editor in 0.00 ms.
Unloading 1127 Unused Serialized files (Serialized files now loaded: 0)
System memory in use before: 57.6 MB.
System memory in use after: 57.7 MB.

Unloading 5 unused Assets to reduce memory usage. Loaded Objects now: 1613.
Total: 2.057300 ms (FindLiveObjects: 0.158300 ms CreateObjectMapping: 0.046600 ms MarkObjects: 1.788800 ms  DeleteObjects: 0.062000 ms)

========================================================================
Received Import Request.
  Time since last request: 96.552812 seconds.
  path: Assets/Scripts/Interfaces.cs
  artifactKey: Guid(7148455ac63534a4e885ecffca8a8b0c) Importer(815301076,1909f56bfc062723c751e8b465ee728b)
Start importing Assets/Scripts/Interfaces.cs using Guid(7148455ac63534a4e885ecffca8a8b0c) Importer(815301076,1909f56bfc062723c751e8b465ee728b)  -> (artifact id: '961fdf01acd8e6a8b2c9959a265b6ed4') in 0.003323 seconds
  Import took 0.005614 seconds .

========================================================================
Received Prepare
Registering precompiled user dll's ...
Registered in 0.000722 seconds.
Begin MonoManager ReloadAssembly
Native extension for WindowsStandalone target not found
Refreshing native plugins compatible for Editor in 0.34 ms, found 0 plugins.
Preloading 0 native plugins for Editor in 0.00 ms.
Invoked RoslynAnalysisRunner static constructor.
RoslynAnalysisRunner will not be running.
RoslynAnalysisRunner has terminated.
Mono: successfully reloaded assembly
- Completed reload, in  0.868 seconds
Platform modules already initialized, skipping
Refreshing native plugins compatible for Editor in 0.31 ms, found 0 plugins.
Preloading 0 native plugins for Editor in 0.00 ms.
Unloading 1127 Unused Serialized files (Serialized files now loaded: 0)
System memory in use before: 57.6 MB.
System memory in use after: 57.7 MB.

Unloading 5 unused Assets to reduce memory usage. Loaded Objects now: 1616.
Total: 2.371500 ms (FindLiveObjects: 0.361900 ms CreateObjectMapping: 0.052800 ms MarkObjects: 1.887600 ms  DeleteObjects: 0.067700 ms)

========================================================================
Received Import Request.
  Time since last request: 28.659383 seconds.
  path: Assets/Scripts/PlayerController.cs
  artifactKey: Guid(dcc15e9d554132148871e07aa4d824e6) Importer(815301076,1909f56bfc062723c751e8b465ee728b)
Start importing Assets/Scripts/PlayerController.cs using Guid(dcc15e9d554132148871e07aa4d824e6) Importer(815301076,1909f56bfc062723c751e8b465ee728b)  -> (artifact id: '7c70c4531e70a5dd63990b15cb7a605d') in 0.003040 seconds
  Import took 0.013013 seconds .

========================================================================
Received Prepare
Registering precompiled user dll's ...
Registered in 0.000542 seconds.
Begin MonoManager ReloadAssembly
Native extension for WindowsStandalone target not found
Refreshing native plugins compatible for Editor in 0.23 ms, found 0 plugins.
Preloading 0 native plugins for Editor in 0.00 ms.
Invoked RoslynAnalysisRunner static constructor.
RoslynAnalysisRunner will not be running.
RoslynAnalysisRunner has terminated.
Mono: successfully reloaded assembly
- Completed reload, in  0.910 seconds
Platform modules already initialized, skipping
Refreshing native plugins compatible for Editor in 0.21 ms, found 0 plugins.
Preloading 0 native plugins for Editor in 0.00 ms.
Unloading 1127 Unused Serialized files (Serialized files now loaded: 0)
System memory in use before: 57.6 MB.
System memory in use after: 57.7 MB.

Unloading 5 unused Assets to reduce memory usage. Loaded Objects now: 1619.
Total: 2.043400 ms (FindLiveObjects: 0.165200 ms CreateObjectMapping: 0.056800 ms MarkObjects: 1.752000 ms  DeleteObjects: 0.068000 ms)

========================================================================
Received Import Request.
  Time since last request: 23.370890 seconds.
  path: Assets/Scripts/Enemy/Enemy.cs
  artifactKey: Guid(7e9d3978b105d7248b487d98c1ffd974) Importer(815301076,1909f56bfc062723c751e8b465ee728b)
Start importing Assets/Scripts/Enemy/Enemy.cs using Guid(7e9d3978b105d7248b487d98c1ffd974) Importer(815301076,1909f56bfc062723c751e8b465ee728b)  -> (artifact id: 'c49c297e6ffe83006b71a42fc4fc2b13') in 0.003335 seconds
  Import took 0.005647 seconds .

========================================================================
Received Prepare
Registering precompiled user dll's ...
Registered in 0.000436 seconds.
Begin MonoManager ReloadAssembly
Native extension for WindowsStandalone target not found
Refreshing native plugins compatible for Editor in 0.23 ms, found 0 plugins.
Preloading 0 native plugins for Editor in 0.00 ms.
Invoked RoslynAnalysisRunner static constructor.
RoslynAnalysisRunner will not be running.
RoslynAnalysisRunner has terminated.
Mono: successfully reloaded assembly
- Completed reload, in  0.917 seconds
Platform modules already initialized, skipping
Refreshing native plugins compatible for Editor in 0.23 ms, found 0 plugins.
Preloading 0 native plugins for Editor in 0.00 ms.
Unloading 1127 Unused Serialized files (Serialized files now loaded: 0)
System memory in use before: 57.6 MB.
System memory in use after: 57.7 MB.

Unloading 5 unused Assets to reduce memory usage. Loaded Objects now: 1622.
Total: 2.039500 ms (FindLiveObjects: 0.215000 ms CreateObjectMapping: 0.051500 ms MarkObjects: 1.711700 ms  DeleteObjects: 0.060100 ms)

========================================================================
Received Import Request.
  Time since last request: 18.579068 seconds.
  path: Assets/Scripts/shotting/WeaponS/Shotgun.cs
  artifactKey: Guid(9052d2f4b2e86a840b5bc5f1691199b5) Importer(815301076,1909f56bfc062723c751e8b465ee728b)
Start importing Assets/Scripts/shotting/WeaponS/Shotgun.cs using Guid(9052d2f4b2e86a840b5bc5f1691199b5) Importer(815301076,1909f56bfc062723c751e8b465ee728b)  -> (artifact id: 'f42ac7336083f8aa80629b1c6acde1d7') in 0.006059 seconds
  Import took 0.008445 seconds .

========================================================================
Received Prepare
Registering precompiled user dll's ...
Registered in 0.000425 seconds.
Begin MonoManager ReloadAssembly
Native extension for WindowsStandalone target not found
Refreshing native plugins compatible for Editor in 0.22 ms, found 0 plugins.
Preloading 0 native plugins for Editor in 0.00 ms.
Invoked RoslynAnalysisRunner static constructor.
RoslynAnalysisRunner will not be running.
RoslynAnalysisRunner has terminated.
Mono: successfully reloaded assembly
- Completed reload, in  1.003 seconds
Platform modules already initialized, skipping
Refreshing native plugins compatible for Editor in 0.22 ms, found 0 plugins.
Preloading 0 native plugins for Editor in 0.00 ms.
Unloading 1127 Unused Serialized files (Serialized files now loaded: 0)
System memory in use before: 57.6 MB.
System memory in use after: 57.7 MB.

Unloading 5 unused Assets to reduce memory usage. Loaded Objects now: 1625.
Total: 2.047000 ms (FindLiveObjects: 0.177900 ms CreateObjectMapping: 0.049600 ms MarkObjects: 1.754400 ms  DeleteObjects: 0.063900 ms)

========================================================================
Received Import Request.
  Time since last request: 28.614254 seconds.
  path: Assets/Scripts/shotting/Bullet.cs
  artifactKey: Guid(9df1fc4620e669248aa21efc1debdb63) Importer(815301076,1909f56bfc062723c751e8b465ee728b)
Start importing Assets/Scripts/shotting/Bullet.cs using Guid(9df1fc4620e669248aa21efc1debdb63) Importer(815301076,1909f56bfc062723c751e8b465ee728b)  -> (artifact id: 'b469423afdc8ffab4e03124ed8e38492') in 0.003480 seconds
  Import took 0.012974 seconds .

========================================================================
Received Prepare
Registering precompiled user dll's ...
Registered in 0.000922 seconds.
Begin MonoManager ReloadAssembly
Native extension for WindowsStandalone target not found
Refreshing native plugins compatible for Editor in 0.23 ms, found 0 plugins.
Preloading 0 native plugins for Editor in 0.00 ms.
Invoked RoslynAnalysisRunner static constructor.
RoslynAnalysisRunner will not be running.
RoslynAnalysisRunner has terminated.
Mono: successfully reloaded assembly
- Completed reload, in  0.924 seconds
Platform modules already initialized, skipping
Refreshing native plugins compatible for Editor in 0.20 ms, found 0 plugins.
Preloading 0 native plugins for Editor in 0.00 ms.
Unloading 1127 Unused Serialized files (Serialized files now loaded: 0)
System memory in use before: 57.6 MB.
System memory in use after: 57.7 MB.

Unloading 5 unused Assets to reduce memory usage. Loaded Objects now: 1628.
Total: 1.994700 ms (FindLiveObjects: 0.170800 ms CreateObjectMapping: 0.072000 ms MarkObjects: 1.689300 ms  DeleteObjects: 0.061200 ms)

========================================================================
Received Import Request.
  Time since last request: 44.402017 seconds.
  path: Assets/Scripts/shotting/Weapon.cs
  artifactKey: Guid(c3eb0d12a175f5441807fdabdb0a9cb0) Importer(815301076,1909f56bfc062723c751e8b465ee728b)
Start importing Assets/Scripts/shotting/Weapon.cs using Guid(c3eb0d12a175f5441807fdabdb0a9cb0) Importer(815301076,1909f56bfc062723c751e8b465ee728b)  -> (artifact id: '89bc6f74af3d548a2fd85a563a734509') in 0.003840 seconds
  Import took 0.014058 seconds .

========================================================================
Received Prepare
Registering precompiled user dll's ...
Registered in 0.000526 seconds.
Begin MonoManager ReloadAssembly
Native extension for WindowsStandalone target not found
Refreshing native plugins compatible for Editor in 0.22 ms, found 0 plugins.
Preloading 0 native plugins for Editor in 0.00 ms.
Invoked RoslynAnalysisRunner static constructor.
RoslynAnalysisRunner will not be running.
RoslynAnalysisRunner has terminated.
Mono: successfully reloaded assembly
- Completed reload, in  0.923 seconds
Platform modules already initialized, skipping
Refreshing native plugins compatible for Editor in 0.21 ms, found 0 plugins.
Preloading 0 native plugins for Editor in 0.00 ms.
Unloading 1127 Unused Serialized files (Serialized files now loaded: 0)
System memory in use before: 57.6 MB.
System memory in use after: 57.7 MB.

Unloading 5 unused Assets to reduce memory usage. Loaded Objects now: 1631.
Total: 2.089200 ms (FindLiveObjects: 0.181100 ms CreateObjectMapping: 0.052500 ms MarkObjects: 1.766000 ms  DeleteObjects: 0.088200 ms)

========================================================================
Received Import Request.
  Time since last request: 51.958635 seconds.
  path: Assets/Scripts/InputsManager.cs
  artifactKey: Guid(56b5f5f710e08c34b966577e80584596) Importer(815301076,1909f56bfc062723c751e8b465ee728b)
Start importing Assets/Scripts/InputsManager.cs using Guid(56b5f5f710e08c34b966577e80584596) Importer(815301076,1909f56bfc062723c751e8b465ee728b)  -> (artifact id: '33486f688d6ace462ddb6fec126ae699') in 0.003417 seconds
  Import took 0.014250 seconds .

AssetImportWorkerClient::OnTransportError - code=2 error=End of file
